#
# A fatal error has been detected by the Java Runtime Environment:
#
#  EXCEPTION_ACCESS_VIOLATION (0xc0000005) at pc=0x00007ffa11958af9, pid=7520, tid=14580
#
# JRE version: Java(TM) SE Runtime Environment (21.0.1+12) (build 21.0.1+12-LTS-29)
# Java VM: Java HotSpot(TM) 64-Bit Server VM (21.0.1+12-LTS-29, mixed mode, sharing, tiered, compressed oops, compressed class ptrs, g1 gc, windows-amd64)
# Problematic frame:
# V  [jvm.dll+0x358af9]
#
# No core dump will be written. Minidumps are not enabled by default on client versions of Windows
#
# If you would like to submit a bug report, please visit:
#   https://bugreport.java.com/bugreport/crash.jsp
#

---------------  S U M M A R Y ------------

Command Line: -ea -Didea.test.cyclic.buffer.size=1048576 -javaagent:C:\Users\DELL\Desktop\IntelliJ IDEA 2024.2\lib\idea_rt.jar=58715:C:\Users\DELL\Desktop\IntelliJ IDEA 2024.2\bin -Dfile.encoding=UTF-8 -Dsun.stdout.encoding=UTF-8 -Dsun.stderr.encoding=UTF-8 com.intellij.rt.junit.JUnitStarter -ideVersion5 -junit5 africa.semicolon.myapp.service.UserServiceTest,testRegister

Host: Intel(R) Core(TM) i5-6300U CPU @ 2.40GHz, 4 cores, 7G,  Windows 11 , 64 bit Build 22621 (10.0.22621.3958)
Time: Mon Aug 26 09:34:38 2024 W. Central Africa Standard Time elapsed time: 3.690316 seconds (0d 0h 0m 3s)

---------------  T H R E A D  ---------------

Current thread (0x00000173ee3d0e80):  WorkerThread "GC Thread#3"    [id=14580, stack(0x0000001a01a00000,0x0000001a01b00000) (1024K)]

Stack: [0x0000001a01a00000,0x0000001a01b00000],  sp=0x0000001a01aff240,  free space=1020k
Native frames: (J=compiled Java code, j=interpreted, Vv=VM code, C=native code)
V  [jvm.dll+0x358af9]
V  [jvm.dll+0x3551fe]
V  [jvm.dll+0x366040]
V  [jvm.dll+0x32623a]
V  [jvm.dll+0x6a021c]
V  [jvm.dll+0x326384]
V  [jvm.dll+0x6a06f8]
V  [jvm.dll+0x326207]
V  [jvm.dll+0x32687e]
V  [jvm.dll+0x362707]
V  [jvm.dll+0x32a9dc]
V  [jvm.dll+0x32e6ad]
V  [jvm.dll+0x363990]
V  [jvm.dll+0x36e04f]
V  [jvm.dll+0x36e16b]
V  [jvm.dll+0x881f77]
V  [jvm.dll+0x7fd728]
V  [jvm.dll+0x6c777d]
C  [ucrtbase.dll+0x29333]
C  [KERNEL32.DLL+0x1257d]
C  [ntdll.dll+0x5af28]


siginfo: EXCEPTION_ACCESS_VIOLATION (0xc0000005), reading address 0x0000000000200000


Registers:
RAX=0x0000000000000000, RBX=0x00000173eed17120, RCX=0x0000000000000014, RDX=0x0000000000000000
RSP=0x0000001a01aff240, RBP=0x00000000000000f7, RSI=0x000001738baf4130, RDI=0x000000008790dd64
R8 =0x0000000087aaa6b0, R9 =0x000001738bb2e4cc, R10=0x0000000000200000, R11=0x0000000000000001
R12=0x00007ffa11fbb3b0, R13=0x0000000000000074, R14=0x0000000000000040, R15=0x0000000000000000
RIP=0x00007ffa11958af9, EFLAGS=0x0000000000010246


Register to memory mapping:

RAX=0x0 is null
RBX=0x00000173eed17120 points into unknown readable memory: 0x00007ffa11fd63e8 | e8 63 fd 11 fa 7f 00 00
RCX=0x0000000000000014 is an unknown value
RDX=0x0 is null
RSP=0x0000001a01aff240 points into unknown readable memory: 0x00000173eed10000 | 00 00 d1 ee 73 01 00 00
RBP=0x00000000000000f7 is an unknown value
RSI=0x000001738baf4130 points into unknown readable memory: 0x0000000000000000 | 00 00 00 00 00 00 00 00
RDI=0x000000008790dd64 is pointing into object: sun.util.locale.LocaleObjectCache$CacheEntry 
{0x000000008790dd50} - klass: 'sun/util/locale/LocaleObjectCache$CacheEntry'
 - ---- fields (total size 5 words):
 - private 'referent' 'Ljava/lang/Object;' @12  a 'java/util/Locale'{0x000000008790dd78} (0x8790dd78)
 - volatile 'queue' 'Ljava/lang/ref/ReferenceQueue;' @16  a 'java/lang/ref/ReferenceQueue'{0x0000000087aaa6b0} (0x87aaa6b0)
 - volatile 'next' 'Ljava/lang/ref/Reference;' @20  
[error occurred during error reporting (printing register info), id 0xc0000005, EXCEPTION_ACCESS_VIOLATION (0xc0000005) at pc=0x00007ffa11cb46bd]
R8 =0x0000000087aaa6b0 is an oop: java.lang.ref.ReferenceQueue 
{0x0000000087aaa6b0} - klass: 'java/lang/ref/ReferenceQueue'
 - ---- fields (total size 4 words):
 - private volatile 'head' 'Ljava/lang/ref/Reference;' @12  null (0x00000000)
 - private 'queueLength' 'J' @16  0 (0x0000000000000000)
 - private final 'lock' 'Ljava/util/concurrent/locks/ReentrantLock;' @24  a 'java/util/concurrent/locks/ReentrantLock'{0x0000000087aaa6d0} (0x87aaa6d0)
 - private final 'notEmpty' 'Ljava/util/concurrent/locks/Condition;' @28  a 'java/util/concurrent/locks/AbstractQueuedSynchronizer$ConditionObject'{0x0000000087aaa700} (0x87aaa700)
R9 =0x000001738bb2e4cc points into unknown readable memory: 00 00 00 00
R10=0x0000000000200000 is an unknown value
R11=0x0000000000000001 is an unknown value
R12=0x00007ffa11fbb3b0 jvm.dll
R13=0x0000000000000074 is an unknown value
R14=0x0000000000000040 is an unknown value
R15=0x0 is null

Top of Stack: (sp=0x0000001a01aff240)
0x0000001a01aff240:   00000173eed10000 0000000000000001
0x0000001a01aff250:   0000017300000000 0000000000000020
0x0000001a01aff260:   000000000000f800 00000173ee3b8e60
0x0000001a01aff270:   000001739435b313 00000173ef6e8508
0x0000001a01aff280:   0000000000000000 00007ffa119551fe
0x0000001a01aff290:   00000173ee392428 00000173eed17120
0x0000001a01aff2a0:   00000173ee3b8e60 0000000000000074
0x0000001a01aff2b0:   00000000022e35c3 000000021cd90c4f
0x0000001a01aff2c0:   00000173ef6e8508 0000000000000000
0x0000001a01aff2d0:   00000173ef6e84b8 00007ffa11966040
0x0000001a01aff2e0:   00000173a81d0000 0000000000000001
0x0000001a01aff2f0:   0000017300000000 0000000000000018
0x0000001a01aff300:   00000173ef6e8508 00007ffa1192623a
0x0000001a01aff310:   000001739435b313 00000173ef6e8508
0x0000001a01aff320:   000001738baec8a0 0000000000000100
0x0000001a01aff330:   0000000000000800 00007ffa11ca021c
0x0000001a01aff340:   00007ffa11fd80b8 0000000000000000
0x0000001a01aff350:   00000173ef6e8508 000001739435ae90
0x0000001a01aff360:   000001739435ae90 0000000000000000
0x0000001a01aff370:   000001739435b016 000001739435b0c0
0x0000001a01aff380:   000001739435ae90 000001739435b311
0x0000001a01aff390:   0000017394341090 00000173ef6e8500
0x0000001a01aff3a0:   0000000000000000 000001739435b0c0
0x0000001a01aff3b0:   000001739435b0c0 000001739435b770
0x0000001a01aff3c0:   000001739435b0c0 000001739435b770
0x0000001a01aff3d0:   000001739435b7d0 00007ffa11fbb3b0
0x0000001a01aff3e0:   0000001a01aff368 0000017300000001
0x0000001a01aff3f0:   0000000000000000 00000173943412c0
0x0000001a01aff400:   00001a597ff6a970 0000017394341ad8
0x0000001a01aff410:   00000173ef1ebba0 0000001a01aff4d0
0x0000001a01aff420:   000001738baec8a0 0000000000000100
0x0000001a01aff430:   000001739435ae90 000001739435ae90 

Instructions: (pc=0x00007ffa11958af9)
0x00007ffa119589f9:   fd ff ff 48 8d 57 fe 48 8b cb e8 98 f3 ff ff e9
0x00007ffa11958a09:   d3 fd ff ff 0f 1f 00 48 8b 73 10 8b ae 80 00 00
0x00007ffa11958a19:   00 8b cd 8b 86 00 01 00 00 2b c8 81 e1 ff ff 01
0x00007ffa11958a29:   00 41 3b ce 0f 86 4b 02 00 00 ff cd 81 e5 ff ff
0x00007ffa11958a39:   01 00 89 ae 80 00 00 00 e8 7a 12 36 00 90 8b d5
0x00007ffa11958a49:   48 8b 86 80 01 00 00 8b cd 48 8b 3c e8 8b 86 00
0x00007ffa11958a59:   01 00 00 2b c8 81 e1 ff ff 01 00 81 f9 ff ff 01
0x00007ffa11958a69:   00 41 0f 44 cf 85 c9 75 3d 90 89 6c 24 50 48 8b
0x00007ffa11958a79:   86 00 01 00 00 48 8b c8 48 c1 e9 20 ff c1 89 4c
0x00007ffa11958a89:   24 54 3b e8 0f 85 d9 01 00 00 48 c1 e1 20 48 0b
0x00007ffa11958a99:   ca f0 48 0f b1 8e 00 01 00 00 0f 85 c3 01 00 00
0x00007ffa11958aa9:   8b 86 00 01 00 00 40 f6 c7 01 0f 84 a7 00 00 00
0x00007ffa11958ab9:   8b 0d a9 14 86 00 48 ff cf 48 8b 43 08 44 8b 17
0x00007ffa11958ac9:   49 d3 e2 8b 88 b0 05 00 00 48 8b 80 a0 05 00 00
0x00007ffa11958ad9:   4c 03 15 80 14 86 00 49 8b d2 48 d3 ea 0f b7 14
0x00007ffa11958ae9:   50 0f b7 c2 66 c1 e8 08 84 c0 0f 88 17 ff ff ff
0x00007ffa11958af9:   4d 8b 02 41 0f b6 c0 24 03 3c 03 75 06 49 83 e0
0x00007ffa11958b09:   fc eb 11 4d 8b c8 48 8b cb 4d 8b c2 e8 26 ed ff
0x00007ffa11958b19:   ff 4c 8b c0 8b 0d 45 14 86 00 49 8b d0 48 2b 15
0x00007ffa11958b29:   33 14 86 00 48 d3 ea 89 17 49 8b d0 8b 0d a5 a2
0x00007ffa11958b39:   8c 00 48 33 d7 48 d3 ea 48 85 d2 0f 84 c6 fe ff
0x00007ffa11958b49:   ff 48 8b 43 08 8b 88 b0 05 00 00 4c 8b 88 a0 05
0x00007ffa11958b59:   00 00 e9 87 00 00 00 40 f6 c7 03 0f 85 f1 00 00
0x00007ffa11958b69:   00 48 8b 43 08 4c 8b 17 49 8b d2 8b 88 b0 05 00
0x00007ffa11958b79:   00 48 8b 80 a0 05 00 00 48 d3 ea 0f b7 14 50 0f
0x00007ffa11958b89:   b7 c2 66 c1 e8 08 84 c0 0f 88 79 fe ff ff 4d 8b
0x00007ffa11958b99:   02 41 0f b6 c0 24 03 3c 03 75 06 49 83 e0 fc eb
0x00007ffa11958ba9:   11 4d 8b c8 48 8b cb 4d 8b c2 e8 88 ec ff ff 4c
0x00007ffa11958bb9:   8b c0 49 8b d0 4c 89 07 8b 0d 19 a2 8c 00 48 33
0x00007ffa11958bc9:   d7 48 d3 ea 48 85 d2 0f 84 3a fe ff ff 48 8b 53
0x00007ffa11958bd9:   08 8b 8a b0 05 00 00 4c 8b 8a a0 05 00 00 48 8b
0x00007ffa11958be9:   c7 48 d3 e8 41 0f b7 14 41 66 c1 ea 08 80 fa fe 


Stack slot to memory mapping:

stack at sp + 0 slots: 0x00000173eed10000 points into unknown readable memory: 0x0000000000000000 | 00 00 00 00 00 00 00 00
stack at sp + 1 slots: 0x0000000000000001 is an unknown value
stack at sp + 2 slots: 0x0000017300000000 is an unknown value
stack at sp + 3 slots: 0x0000000000000020 is an unknown value
stack at sp + 4 slots: 0x000000000000f800 is an unknown value
stack at sp + 5 slots: 0x00000173ee3b8e60 points into unknown readable memory: 0x00000173ee378060 | 60 80 37 ee 73 01 00 00
stack at sp + 6 slots: 0x000001739435b313 is at entry_point+595 in (nmethod*)0x000001739435ae90
Compiled method (c1)    3865 2229       3       sun.util.locale.provider.LocaleProviderAdapter::lambda$toLocaleArray$0 (135 bytes)
 total in heap  [0x000001739435ae90,0x000001739435b988] = 2808
 relocation     [0x000001739435aff0,0x000001739435b0c0] = 208
 main code      [0x000001739435b0c0,0x000001739435b770] = 1712
 stub code      [0x000001739435b770,0x000001739435b7d0] = 96
 metadata       [0x000001739435b7d0,0x000001739435b7d8] = 8
 scopes data    [0x000001739435b7d8,0x000001739435b838] = 96
 scopes pcs     [0x000001739435b838,0x000001739435b958] = 288
 dependencies   [0x000001739435b958,0x000001739435b960] = 8
 nul chk table  [0x000001739435b960,0x000001739435b988] = 40
stack at sp + 7 slots: 0x00000173ef6e8508 points into unknown readable memory: 0x00007ffa11fd80b8 | b8 80 fd 11 fa 7f 00 00


---------------  P R O C E S S  ---------------

Threads class SMR info:
_java_thread_list=0x00000173eedf8f40, length=13, elements={
0x000001738a177d90, 0x00000173a835b440, 0x00000173a835bf70, 0x00000173a835d950,
0x00000173a8360fe0, 0x00000173a8361650, 0x00000173a8365cd0, 0x00000173a8366670,
0x00000173a83697b0, 0x00000173a832ae60, 0x00000173a86cdaf0, 0x00000173a86d1b40,
0x00000173eed83e10
}

Java Threads: ( => current thread )
  0x000001738a177d90 JavaThread "main"                              [_thread_blocked, id=15912, stack(0x0000001a00500000,0x0000001a00600000) (1024K)]
  0x00000173a835b440 JavaThread "Reference Handler"          daemon [_thread_blocked, id=4552, stack(0x0000001a00d00000,0x0000001a00e00000) (1024K)]
  0x00000173a835bf70 JavaThread "Finalizer"                  daemon [_thread_blocked, id=17912, stack(0x0000001a00e00000,0x0000001a00f00000) (1024K)]
  0x00000173a835d950 JavaThread "Signal Dispatcher"          daemon [_thread_blocked, id=17980, stack(0x0000001a00f00000,0x0000001a01000000) (1024K)]
  0x00000173a8360fe0 JavaThread "Attach Listener"            daemon [_thread_blocked, id=18232, stack(0x0000001a01000000,0x0000001a01100000) (1024K)]
  0x00000173a8361650 JavaThread "Service Thread"             daemon [_thread_blocked, id=18092, stack(0x0000001a01100000,0x0000001a01200000) (1024K)]
  0x00000173a8365cd0 JavaThread "Monitor Deflation Thread"   daemon [_thread_blocked, id=16756, stack(0x0000001a01200000,0x0000001a01300000) (1024K)]
  0x00000173a8366670 JavaThread "C2 CompilerThread0"         daemon [_thread_blocked, id=2400, stack(0x0000001a01300000,0x0000001a01400000) (1024K)]
  0x00000173a83697b0 JavaThread "C1 CompilerThread0"         daemon [_thread_blocked, id=16624, stack(0x0000001a01400000,0x0000001a01500000) (1024K)]
  0x00000173a832ae60 JavaThread "Common-Cleaner"             daemon [_thread_blocked, id=3148, stack(0x0000001a01500000,0x0000001a01600000) (1024K)]
  0x00000173a86cdaf0 JavaThread "Monitor Ctrl-Break"         daemon [_thread_in_native, id=11352, stack(0x0000001a01600000,0x0000001a01700000) (1024K)]
  0x00000173a86d1b40 JavaThread "Notification Thread"        daemon [_thread_blocked, id=4416, stack(0x0000001a01700000,0x0000001a01800000) (1024K)]
  0x00000173eed83e10 JavaThread "background-preinit"                [_thread_blocked, id=13492, stack(0x0000001a01b00000,0x0000001a01c00000) (1024K)]
Total: 13

Other Threads:
  0x00000173a8342760 VMThread "VM Thread"                           [id=18156, stack(0x0000001a00c00000,0x0000001a00d00000) (1024K)]
  0x00000173a8329e00 WatcherThread "VM Periodic Task Thread"        [id=16848, stack(0x0000001a00b00000,0x0000001a00c00000) (1024K)]
  0x000001738bb30530 WorkerThread "GC Thread#0"                     [id=9888, stack(0x0000001a00600000,0x0000001a00700000) (1024K)]
  0x00000173ee3a93f0 WorkerThread "GC Thread#1"                     [id=6080, stack(0x0000001a01800000,0x0000001a01900000) (1024K)]
  0x00000173ee3a5720 WorkerThread "GC Thread#2"                     [id=17856, stack(0x0000001a01900000,0x0000001a01a00000) (1024K)]
=>0x00000173ee3d0e80 WorkerThread "GC Thread#3"                     [id=14580, stack(0x0000001a01a00000,0x0000001a01b00000) (1024K)]
  0x000001738bb41380 ConcurrentGCThread "G1 Main Marker"            [id=14476, stack(0x0000001a00700000,0x0000001a00800000) (1024K)]
  0x000001738bb43ea0 WorkerThread "G1 Conc#0"                       [id=8088, stack(0x0000001a00800000,0x0000001a00900000) (1024K)]
  0x000001738bb6e630 ConcurrentGCThread "G1 Refine#0"               [id=16972, stack(0x0000001a00900000,0x0000001a00a00000) (1024K)]
  0x00000173a81ed1a0 ConcurrentGCThread "G1 Service"                [id=17696, stack(0x0000001a00a00000,0x0000001a00b00000) (1024K)]
Total: 10

Threads with active compile tasks:
C2 CompilerThread0     3873 2355       4       java.util.Properties$LineReader::readLine (584 bytes)
Total: 1

VM state: at safepoint (normal execution)

VM Mutex/Monitor currently owned by a thread:  ([mutex/lock_event])
[0x00007ffa1223a5f8] Threads_lock - owner thread: 0x00000173a8342760
[0x00007ffa1223a6f8] Heap_lock - owner thread: 0x000001738a177d90

Heap address: 0x0000000081a00000, size: 2022 MB, Compressed Oops mode: 32-bit

CDS archive(s) mapped at: [0x00000173a9000000-0x00000173a9c90000-0x00000173a9c90000), size 13172736, SharedBaseAddress: 0x00000173a9000000, ArchiveRelocationMode: 1.
Compressed class space mapped at: 0x00000173aa000000-0x00000173ea000000, reserved size: 1073741824
Narrow klass base: 0x00000173a9000000, Narrow klass shift: 0, Narrow klass range: 0x100000000

GC Precious Log:
 CardTable entry size: 512
 Card Set container configuration: InlinePtr #cards 5 size 8 Array Of Cards #cards 12 size 40 Howl #buckets 4 coarsen threshold 1843 Howl Bitmap #cards 512 size 80 coarsen threshold 460 Card regions per heap region 1 cards per card region 2048
 CPUs: 4 total, 4 available
 Memory: 8083M
 Large Page Support: Disabled
 NUMA Support: Disabled
 Compressed Oops: Enabled (32-bit)
 Heap Region Size: 1M
 Heap Min Capacity: 8M
 Heap Initial Capacity: 128M
 Heap Max Capacity: 2022M
 Pre-touch: Disabled
 Parallel Workers: 4
 Concurrent Workers: 1
 Concurrent Refinement Workers: 4
 Periodic GC: Disabled

Heap:
 garbage-first heap   total 131072K, used 38610K [0x0000000081a00000, 0x0000000100000000)
  region size 1024K, 35 young (35840K), 7 survivors (7168K)
 Metaspace       used 21243K, committed 21504K, reserved 1114112K
  class space    used 2713K, committed 2816K, reserved 1048576K

Heap Regions: E=young(eden), S=young(survivor), O=old, HS=humongous(starts), HC=humongous(continues), CS=collection set, F=free, TAMS=top-at-mark-start, PB=parsable bottom
|   0|0x0000000081a00000, 0x0000000081b00000, 0x0000000081b00000|100%|HS|  |TAMS 0x0000000081b00000| PB 0x0000000081a00000| Complete 
|   1|0x0000000081b00000, 0x0000000081c00000, 0x0000000081c00000|100%| O|  |TAMS 0x0000000081c00000| PB 0x0000000081b00000| Untracked 
|   2|0x0000000081c00000, 0x0000000081d00000, 0x0000000081d00000|100%| O|  |TAMS 0x0000000081d00000| PB 0x0000000081c00000| Untracked 
|   3|0x0000000081d00000, 0x0000000081e00000, 0x0000000081e00000|100%| O|  |TAMS 0x0000000081e00000| PB 0x0000000081d00000| Untracked 
|   4|0x0000000081e00000, 0x0000000081f00000, 0x0000000081f00000|100%| O|  |TAMS 0x0000000081f00000| PB 0x0000000081e00000| Untracked 
|   5|0x0000000081f00000, 0x0000000081ffba28, 0x0000000082000000| 98%| O|  |TAMS 0x0000000081ffba28| PB 0x0000000081f00000| Untracked 
|   6|0x0000000082000000, 0x0000000082000000, 0x0000000082100000|  0%| F|  |TAMS 0x0000000082000000| PB 0x0000000082000000| Untracked 
|   7|0x0000000082100000, 0x0000000082100000, 0x0000000082200000|  0%| F|  |TAMS 0x0000000082100000| PB 0x0000000082100000| Untracked 
|   8|0x0000000082200000, 0x0000000082200000, 0x0000000082300000|  0%| F|  |TAMS 0x0000000082200000| PB 0x0000000082200000| Untracked 
|   9|0x0000000082300000, 0x0000000082300000, 0x0000000082400000|  0%| F|  |TAMS 0x0000000082300000| PB 0x0000000082300000| Untracked 
|  10|0x0000000082400000, 0x0000000082400000, 0x0000000082500000|  0%| F|  |TAMS 0x0000000082400000| PB 0x0000000082400000| Untracked 
|  11|0x0000000082500000, 0x0000000082500000, 0x0000000082600000|  0%| F|  |TAMS 0x0000000082500000| PB 0x0000000082500000| Untracked 
|  12|0x0000000082600000, 0x0000000082600000, 0x0000000082700000|  0%| F|  |TAMS 0x0000000082600000| PB 0x0000000082600000| Untracked 
|  13|0x0000000082700000, 0x0000000082700000, 0x0000000082800000|  0%| F|  |TAMS 0x0000000082700000| PB 0x0000000082700000| Untracked 
|  14|0x0000000082800000, 0x0000000082800000, 0x0000000082900000|  0%| F|  |TAMS 0x0000000082800000| PB 0x0000000082800000| Untracked 
|  15|0x0000000082900000, 0x0000000082900000, 0x0000000082a00000|  0%| F|  |TAMS 0x0000000082900000| PB 0x0000000082900000| Untracked 
|  16|0x0000000082a00000, 0x0000000082a00000, 0x0000000082b00000|  0%| F|  |TAMS 0x0000000082a00000| PB 0x0000000082a00000| Untracked 
|  17|0x0000000082b00000, 0x0000000082b00000, 0x0000000082c00000|  0%| F|  |TAMS 0x0000000082b00000| PB 0x0000000082b00000| Untracked 
|  18|0x0000000082c00000, 0x0000000082c00000, 0x0000000082d00000|  0%| F|  |TAMS 0x0000000082c00000| PB 0x0000000082c00000| Untracked 
|  19|0x0000000082d00000, 0x0000000082d00000, 0x0000000082e00000|  0%| F|  |TAMS 0x0000000082d00000| PB 0x0000000082d00000| Untracked 
|  20|0x0000000082e00000, 0x0000000082e00000, 0x0000000082f00000|  0%| F|  |TAMS 0x0000000082e00000| PB 0x0000000082e00000| Untracked 
|  21|0x0000000082f00000, 0x0000000082f00000, 0x0000000083000000|  0%| F|  |TAMS 0x0000000082f00000| PB 0x0000000082f00000| Untracked 
|  22|0x0000000083000000, 0x0000000083000000, 0x0000000083100000|  0%| F|  |TAMS 0x0000000083000000| PB 0x0000000083000000| Untracked 
|  23|0x0000000083100000, 0x0000000083100000, 0x0000000083200000|  0%| F|  |TAMS 0x0000000083100000| PB 0x0000000083100000| Untracked 
|  24|0x0000000083200000, 0x0000000083200000, 0x0000000083300000|  0%| F|  |TAMS 0x0000000083200000| PB 0x0000000083200000| Untracked 
|  25|0x0000000083300000, 0x0000000083300000, 0x0000000083400000|  0%| F|  |TAMS 0x0000000083300000| PB 0x0000000083300000| Untracked 
|  26|0x0000000083400000, 0x0000000083400000, 0x0000000083500000|  0%| F|  |TAMS 0x0000000083400000| PB 0x0000000083400000| Untracked 
|  27|0x0000000083500000, 0x0000000083500000, 0x0000000083600000|  0%| F|  |TAMS 0x0000000083500000| PB 0x0000000083500000| Untracked 
|  28|0x0000000083600000, 0x0000000083600000, 0x0000000083700000|  0%| F|  |TAMS 0x0000000083600000| PB 0x0000000083600000| Untracked 
|  29|0x0000000083700000, 0x0000000083700000, 0x0000000083800000|  0%| F|  |TAMS 0x0000000083700000| PB 0x0000000083700000| Untracked 
|  30|0x0000000083800000, 0x0000000083800000, 0x0000000083900000|  0%| F|  |TAMS 0x0000000083800000| PB 0x0000000083800000| Untracked 
|  31|0x0000000083900000, 0x0000000083900000, 0x0000000083a00000|  0%| F|  |TAMS 0x0000000083900000| PB 0x0000000083900000| Untracked 
|  32|0x0000000083a00000, 0x0000000083a00000, 0x0000000083b00000|  0%| F|  |TAMS 0x0000000083a00000| PB 0x0000000083a00000| Untracked 
|  33|0x0000000083b00000, 0x0000000083b00000, 0x0000000083c00000|  0%| F|  |TAMS 0x0000000083b00000| PB 0x0000000083b00000| Untracked 
|  34|0x0000000083c00000, 0x0000000083c00000, 0x0000000083d00000|  0%| F|  |TAMS 0x0000000083c00000| PB 0x0000000083c00000| Untracked 
|  35|0x0000000083d00000, 0x0000000083d00000, 0x0000000083e00000|  0%| F|  |TAMS 0x0000000083d00000| PB 0x0000000083d00000| Untracked 
|  36|0x0000000083e00000, 0x0000000083e00000, 0x0000000083f00000|  0%| F|  |TAMS 0x0000000083e00000| PB 0x0000000083e00000| Untracked 
|  37|0x0000000083f00000, 0x0000000083f00000, 0x0000000084000000|  0%| F|  |TAMS 0x0000000083f00000| PB 0x0000000083f00000| Untracked 
|  38|0x0000000084000000, 0x0000000084000000, 0x0000000084100000|  0%| F|  |TAMS 0x0000000084000000| PB 0x0000000084000000| Untracked 
|  39|0x0000000084100000, 0x0000000084100000, 0x0000000084200000|  0%| F|  |TAMS 0x0000000084100000| PB 0x0000000084100000| Untracked 
|  40|0x0000000084200000, 0x0000000084200000, 0x0000000084300000|  0%| F|  |TAMS 0x0000000084200000| PB 0x0000000084200000| Untracked 
|  41|0x0000000084300000, 0x0000000084300000, 0x0000000084400000|  0%| F|  |TAMS 0x0000000084300000| PB 0x0000000084300000| Untracked 
|  42|0x0000000084400000, 0x0000000084400000, 0x0000000084500000|  0%| F|  |TAMS 0x0000000084400000| PB 0x0000000084400000| Untracked 
|  43|0x0000000084500000, 0x0000000084500000, 0x0000000084600000|  0%| F|  |TAMS 0x0000000084500000| PB 0x0000000084500000| Untracked 
|  44|0x0000000084600000, 0x0000000084600000, 0x0000000084700000|  0%| F|  |TAMS 0x0000000084600000| PB 0x0000000084600000| Untracked 
|  45|0x0000000084700000, 0x0000000084700000, 0x0000000084800000|  0%| F|  |TAMS 0x0000000084700000| PB 0x0000000084700000| Untracked 
|  46|0x0000000084800000, 0x0000000084800000, 0x0000000084900000|  0%| F|  |TAMS 0x0000000084800000| PB 0x0000000084800000| Untracked 
|  47|0x0000000084900000, 0x0000000084900000, 0x0000000084a00000|  0%| F|  |TAMS 0x0000000084900000| PB 0x0000000084900000| Untracked 
|  48|0x0000000084a00000, 0x0000000084a00000, 0x0000000084b00000|  0%| F|  |TAMS 0x0000000084a00000| PB 0x0000000084a00000| Untracked 
|  49|0x0000000084b00000, 0x0000000084b00000, 0x0000000084c00000|  0%| F|  |TAMS 0x0000000084b00000| PB 0x0000000084b00000| Untracked 
|  50|0x0000000084c00000, 0x0000000084c00000, 0x0000000084d00000|  0%| F|  |TAMS 0x0000000084c00000| PB 0x0000000084c00000| Untracked 
|  51|0x0000000084d00000, 0x0000000084d00000, 0x0000000084e00000|  0%| F|  |TAMS 0x0000000084d00000| PB 0x0000000084d00000| Untracked 
|  52|0x0000000084e00000, 0x0000000084e00000, 0x0000000084f00000|  0%| F|  |TAMS 0x0000000084e00000| PB 0x0000000084e00000| Untracked 
|  53|0x0000000084f00000, 0x0000000084f00000, 0x0000000085000000|  0%| F|  |TAMS 0x0000000084f00000| PB 0x0000000084f00000| Untracked 
|  54|0x0000000085000000, 0x0000000085000000, 0x0000000085100000|  0%| F|  |TAMS 0x0000000085000000| PB 0x0000000085000000| Untracked 
|  55|0x0000000085100000, 0x0000000085100000, 0x0000000085200000|  0%| F|  |TAMS 0x0000000085100000| PB 0x0000000085100000| Untracked 
|  56|0x0000000085200000, 0x0000000085200000, 0x0000000085300000|  0%| F|  |TAMS 0x0000000085200000| PB 0x0000000085200000| Untracked 
|  57|0x0000000085300000, 0x0000000085300000, 0x0000000085400000|  0%| F|  |TAMS 0x0000000085300000| PB 0x0000000085300000| Untracked 
|  58|0x0000000085400000, 0x0000000085400000, 0x0000000085500000|  0%| F|  |TAMS 0x0000000085400000| PB 0x0000000085400000| Untracked 
|  59|0x0000000085500000, 0x0000000085500000, 0x0000000085600000|  0%| F|  |TAMS 0x0000000085500000| PB 0x0000000085500000| Untracked 
|  60|0x0000000085600000, 0x0000000085600000, 0x0000000085700000|  0%| F|  |TAMS 0x0000000085600000| PB 0x0000000085600000| Untracked 
|  61|0x0000000085700000, 0x0000000085700000, 0x0000000085800000|  0%| F|  |TAMS 0x0000000085700000| PB 0x0000000085700000| Untracked 
|  62|0x0000000085800000, 0x0000000085800000, 0x0000000085900000|  0%| F|  |TAMS 0x0000000085800000| PB 0x0000000085800000| Untracked 
|  63|0x0000000085900000, 0x0000000085900000, 0x0000000085a00000|  0%| F|  |TAMS 0x0000000085900000| PB 0x0000000085900000| Untracked 
|  64|0x0000000085a00000, 0x0000000085a00000, 0x0000000085b00000|  0%| F|  |TAMS 0x0000000085a00000| PB 0x0000000085a00000| Untracked 
|  65|0x0000000085b00000, 0x0000000085b00000, 0x0000000085c00000|  0%| F|  |TAMS 0x0000000085b00000| PB 0x0000000085b00000| Untracked 
|  66|0x0000000085c00000, 0x0000000085c00000, 0x0000000085d00000|  0%| F|  |TAMS 0x0000000085c00000| PB 0x0000000085c00000| Untracked 
|  67|0x0000000085d00000, 0x0000000085d00000, 0x0000000085e00000|  0%| F|  |TAMS 0x0000000085d00000| PB 0x0000000085d00000| Untracked 
|  68|0x0000000085e00000, 0x0000000085e00000, 0x0000000085f00000|  0%| F|  |TAMS 0x0000000085e00000| PB 0x0000000085e00000| Untracked 
|  69|0x0000000085f00000, 0x0000000085f00000, 0x0000000086000000|  0%| F|  |TAMS 0x0000000085f00000| PB 0x0000000085f00000| Untracked 
|  70|0x0000000086000000, 0x0000000086000000, 0x0000000086100000|  0%| F|  |TAMS 0x0000000086000000| PB 0x0000000086000000| Untracked 
|  71|0x0000000086100000, 0x0000000086100000, 0x0000000086200000|  0%| F|  |TAMS 0x0000000086100000| PB 0x0000000086100000| Untracked 
|  72|0x0000000086200000, 0x0000000086200000, 0x0000000086300000|  0%| F|  |TAMS 0x0000000086200000| PB 0x0000000086200000| Untracked 
|  73|0x0000000086300000, 0x0000000086300000, 0x0000000086400000|  0%| F|  |TAMS 0x0000000086300000| PB 0x0000000086300000| Untracked 
|  74|0x0000000086400000, 0x0000000086400000, 0x0000000086500000|  0%| F|  |TAMS 0x0000000086400000| PB 0x0000000086400000| Untracked 
|  75|0x0000000086500000, 0x0000000086500000, 0x0000000086600000|  0%| F|  |TAMS 0x0000000086500000| PB 0x0000000086500000| Untracked 
|  76|0x0000000086600000, 0x0000000086600000, 0x0000000086700000|  0%| F|  |TAMS 0x0000000086600000| PB 0x0000000086600000| Untracked 
|  77|0x0000000086700000, 0x0000000086700000, 0x0000000086800000|  0%| F|  |TAMS 0x0000000086700000| PB 0x0000000086700000| Untracked 
|  78|0x0000000086800000, 0x0000000086800000, 0x0000000086900000|  0%| F|  |TAMS 0x0000000086800000| PB 0x0000000086800000| Untracked 
|  79|0x0000000086900000, 0x0000000086900000, 0x0000000086a00000|  0%| F|  |TAMS 0x0000000086900000| PB 0x0000000086900000| Untracked 
|  80|0x0000000086a00000, 0x0000000086a00000, 0x0000000086b00000|  0%| F|  |TAMS 0x0000000086a00000| PB 0x0000000086a00000| Untracked 
|  81|0x0000000086b00000, 0x0000000086b00000, 0x0000000086c00000|  0%| F|  |TAMS 0x0000000086b00000| PB 0x0000000086b00000| Untracked 
|  82|0x0000000086c00000, 0x0000000086c00000, 0x0000000086d00000|  0%| F|  |TAMS 0x0000000086c00000| PB 0x0000000086c00000| Untracked 
|  83|0x0000000086d00000, 0x0000000086d00000, 0x0000000086e00000|  0%| F|  |TAMS 0x0000000086d00000| PB 0x0000000086d00000| Untracked 
|  84|0x0000000086e00000, 0x0000000086e00000, 0x0000000086f00000|  0%| F|  |TAMS 0x0000000086e00000| PB 0x0000000086e00000| Untracked 
|  85|0x0000000086f00000, 0x0000000086f00000, 0x0000000087000000|  0%| F|  |TAMS 0x0000000086f00000| PB 0x0000000086f00000| Untracked 
|  86|0x0000000087000000, 0x0000000087000000, 0x0000000087100000|  0%| F|  |TAMS 0x0000000087000000| PB 0x0000000087000000| Untracked 
|  87|0x0000000087100000, 0x0000000087100000, 0x0000000087200000|  0%| F|  |TAMS 0x0000000087100000| PB 0x0000000087100000| Untracked 
|  88|0x0000000087200000, 0x0000000087200000, 0x0000000087300000|  0%| F|  |TAMS 0x0000000087200000| PB 0x0000000087200000| Untracked 
|  89|0x0000000087300000, 0x000000008739fc60, 0x0000000087400000| 62%| S|  |TAMS 0x0000000087300000| PB 0x0000000087300000| Complete 
|  90|0x0000000087400000, 0x00000000874e7eb0, 0x0000000087500000| 90%| E|CS|TAMS 0x0000000087400000| PB 0x0000000087400000| Complete 
|  91|0x0000000087500000, 0x0000000087600000, 0x0000000087600000|100%| E|CS|TAMS 0x0000000087500000| PB 0x0000000087500000| Complete 
|  92|0x0000000087600000, 0x0000000087700000, 0x0000000087700000|100%| E|CS|TAMS 0x0000000087600000| PB 0x0000000087600000| Complete 
|  93|0x0000000087700000, 0x0000000087800000, 0x0000000087800000|100%| E|CS|TAMS 0x0000000087700000| PB 0x0000000087700000| Complete 
|  94|0x0000000087800000, 0x0000000087900000, 0x0000000087900000|100%| S|  |TAMS 0x0000000087800000| PB 0x0000000087800000| Complete 
|  95|0x0000000087900000, 0x0000000087a00000, 0x0000000087a00000|100%| S|  |TAMS 0x0000000087900000| PB 0x0000000087900000| Complete 
|  96|0x0000000087a00000, 0x0000000087b00000, 0x0000000087b00000|100%| S|  |TAMS 0x0000000087a00000| PB 0x0000000087a00000| Complete 
|  97|0x0000000087b00000, 0x0000000087c00000, 0x0000000087c00000|100%| S|  |TAMS 0x0000000087b00000| PB 0x0000000087b00000| Complete 
|  98|0x0000000087c00000, 0x0000000087d00000, 0x0000000087d00000|100%| S|  |TAMS 0x0000000087c00000| PB 0x0000000087c00000| Complete 
|  99|0x0000000087d00000, 0x0000000087e00000, 0x0000000087e00000|100%| S|  |TAMS 0x0000000087d00000| PB 0x0000000087d00000| Complete 
| 100|0x0000000087e00000, 0x0000000087ed1298, 0x0000000087f00000| 81%| E|CS|TAMS 0x0000000087e00000| PB 0x0000000087e00000| Complete 
| 101|0x0000000087f00000, 0x0000000088000000, 0x0000000088000000|100%| E|CS|TAMS 0x0000000087f00000| PB 0x0000000087f00000| Complete 
| 102|0x0000000088000000, 0x0000000088100000, 0x0000000088100000|100%| E|CS|TAMS 0x0000000088000000| PB 0x0000000088000000| Complete 
| 103|0x0000000088100000, 0x0000000088200000, 0x0000000088200000|100%| E|CS|TAMS 0x0000000088100000| PB 0x0000000088100000| Complete 
| 104|0x0000000088200000, 0x0000000088300000, 0x0000000088300000|100%| E|CS|TAMS 0x0000000088200000| PB 0x0000000088200000| Complete 
| 105|0x0000000088300000, 0x0000000088400000, 0x0000000088400000|100%| E|CS|TAMS 0x0000000088300000| PB 0x0000000088300000| Complete 
| 106|0x0000000088400000, 0x0000000088500000, 0x0000000088500000|100%| E|CS|TAMS 0x0000000088400000| PB 0x0000000088400000| Complete 
| 107|0x0000000088500000, 0x0000000088600000, 0x0000000088600000|100%| E|CS|TAMS 0x0000000088500000| PB 0x0000000088500000| Complete 
| 108|0x0000000088600000, 0x0000000088700000, 0x0000000088700000|100%| E|CS|TAMS 0x0000000088600000| PB 0x0000000088600000| Complete 
| 109|0x0000000088700000, 0x0000000088800000, 0x0000000088800000|100%| E|CS|TAMS 0x0000000088700000| PB 0x0000000088700000| Complete 
| 110|0x0000000088800000, 0x0000000088900000, 0x0000000088900000|100%| E|CS|TAMS 0x0000000088800000| PB 0x0000000088800000| Complete 
| 111|0x0000000088900000, 0x0000000088a00000, 0x0000000088a00000|100%| E|CS|TAMS 0x0000000088900000| PB 0x0000000088900000| Complete 
| 112|0x0000000088a00000, 0x0000000088b00000, 0x0000000088b00000|100%| E|CS|TAMS 0x0000000088a00000| PB 0x0000000088a00000| Complete 
| 113|0x0000000088b00000, 0x0000000088c00000, 0x0000000088c00000|100%| E|CS|TAMS 0x0000000088b00000| PB 0x0000000088b00000| Complete 
| 114|0x0000000088c00000, 0x0000000088d00000, 0x0000000088d00000|100%| E|CS|TAMS 0x0000000088c00000| PB 0x0000000088c00000| Complete 
| 115|0x0000000088d00000, 0x0000000088e00000, 0x0000000088e00000|100%| E|CS|TAMS 0x0000000088d00000| PB 0x0000000088d00000| Complete 
| 116|0x0000000088e00000, 0x0000000088f00000, 0x0000000088f00000|100%| E|CS|TAMS 0x0000000088e00000| PB 0x0000000088e00000| Complete 
| 117|0x0000000088f00000, 0x0000000089000000, 0x0000000089000000|100%| E|CS|TAMS 0x0000000088f00000| PB 0x0000000088f00000| Complete 
| 118|0x0000000089000000, 0x0000000089100000, 0x0000000089100000|100%| E|CS|TAMS 0x0000000089000000| PB 0x0000000089000000| Complete 
| 119|0x0000000089100000, 0x0000000089200000, 0x0000000089200000|100%| E|CS|TAMS 0x0000000089100000| PB 0x0000000089100000| Complete 
| 120|0x0000000089200000, 0x0000000089300000, 0x0000000089300000|100%| E|CS|TAMS 0x0000000089200000| PB 0x0000000089200000| Complete 
| 121|0x0000000089300000, 0x0000000089400000, 0x0000000089400000|100%| E|CS|TAMS 0x0000000089300000| PB 0x0000000089300000| Complete 
| 122|0x0000000089400000, 0x0000000089500000, 0x0000000089500000|100%| E|CS|TAMS 0x0000000089400000| PB 0x0000000089400000| Complete 
| 123|0x0000000089500000, 0x0000000089600000, 0x0000000089600000|100%| E|CS|TAMS 0x0000000089500000| PB 0x0000000089500000| Complete 
| 124|0x0000000089600000, 0x0000000089700000, 0x0000000089700000|100%| E|CS|TAMS 0x0000000089600000| PB 0x0000000089600000| Complete 
| 125|0x0000000089700000, 0x0000000089800000, 0x0000000089800000|100%| E|CS|TAMS 0x0000000089700000| PB 0x0000000089700000| Complete 
| 126|0x0000000089800000, 0x0000000089900000, 0x0000000089900000|100%| E|CS|TAMS 0x0000000089800000| PB 0x0000000089800000| Complete 
| 127|0x0000000089900000, 0x0000000089a00000, 0x0000000089a00000|100%| E|CS|TAMS 0x0000000089900000| PB 0x0000000089900000| Complete 

Card table byte_map: [0x00000173a3960000,0x00000173a3d60000] _byte_map_base: 0x00000173a3553000

Marking Bits: (CMBitMap*) 0x000001738bb30c30
 Bits: [0x00000173a3d60000, 0x00000173a5cf8000)

Polling page: 0x000001738bb70000

Metaspace:

Usage:
  Non-class:     18.10 MB used.
      Class:      2.65 MB used.
       Both:     20.75 MB used.

Virtual space:
  Non-class space:       64.00 MB reserved,      18.25 MB ( 29%) committed,  1 nodes.
      Class space:        1.00 GB reserved,       2.75 MB ( <1%) committed,  1 nodes.
             Both:        1.06 GB reserved,      21.00 MB (  2%) committed. 

Chunk freelists:
   Non-Class:  13.66 MB
       Class:  13.25 MB
        Both:  26.91 MB

MaxMetaspaceSize: unlimited
CompressedClassSpaceSize: 1.00 GB
Initial GC threshold: 21.00 MB
Current GC threshold: 21.00 MB
CDS: on
 - commit_granule_bytes: 65536.
 - commit_granule_words: 8192.
 - virtual_space_node_default_size: 8388608.
 - enlarge_chunks_in_place: 1.
 - use_allocation_guard: 0.


Internal statistics:

num_allocs_failed_limit: 3.
num_arena_births: 302.
num_arena_deaths: 0.
num_vsnodes_births: 2.
num_vsnodes_deaths: 0.
num_space_committed: 336.
num_space_uncommitted: 0.
num_chunks_returned_to_freelist: 3.
num_chunks_taken_from_freelist: 1063.
num_chunk_merges: 3.
num_chunk_splits: 702.
num_chunks_enlarged: 516.
num_inconsistent_stats: 0.

CodeHeap 'non-profiled nmethods': size=120000Kb used=911Kb max_used=911Kb free=119088Kb
 bounds [0x000001739ba10000, 0x000001739bc80000, 0x00000173a2f40000]
CodeHeap 'profiled nmethods': size=120000Kb used=4621Kb max_used=4621Kb free=115378Kb
 bounds [0x0000017393f40000, 0x00000173943d0000, 0x000001739b470000]
CodeHeap 'non-nmethods': size=5760Kb used=1452Kb max_used=1486Kb free=4308Kb
 bounds [0x000001739b470000, 0x000001739b6e0000, 0x000001739ba10000]
 total_blobs=2946 nmethods=2405 adapters=445
 compilation: enabled
              stopped_count=0, restarted_count=0
 full_count=0

Compilation events (20 events):
Event: 3.645 Thread 0x00000173a83697b0 2406       3       java.util.EnumSet::of (51 bytes)
Event: 3.646 Thread 0x00000173a83697b0 nmethod 2406 0x00000173943bd290 code [0x00000173943bd4a0, 0x00000173943bd918]
Event: 3.646 Thread 0x00000173a83697b0 2405       3       org.springframework.util.ConcurrentReferenceHashMap$Task::<init> (34 bytes)
Event: 3.646 Thread 0x00000173a83697b0 nmethod 2405 0x00000173943bdc10 code [0x00000173943bdde0, 0x00000173943be0f0]
Event: 3.647 Thread 0x00000173a83697b0 2407   !   3       org.springframework.util.ConcurrentReferenceHashMap$Segment::doTask (179 bytes)
Event: 3.649 Thread 0x00000173a83697b0 nmethod 2407 0x00000173943be210 code [0x00000173943be600, 0x00000173943c0348]
Event: 3.649 Thread 0x00000173a83697b0 2411       2       java.io.WinNTFileSystem::isSlash (18 bytes)
Event: 3.649 Thread 0x00000173a83697b0 nmethod 2411 0x00000173943c0f90 code [0x00000173943c1120, 0x00000173943c1250]
Event: 3.649 Thread 0x00000173a83697b0 2408       3       java.lang.invoke.LambdaForm$MH/0x00000173aa11cc00::linkToTargetMethod (15 bytes)
Event: 3.650 Thread 0x00000173a83697b0 nmethod 2408 0x00000173943c1310 code [0x00000173943c14e0, 0x00000173943c1878]
Event: 3.650 Thread 0x00000173a83697b0 2409       3       java.lang.invoke.LambdaForm$DMH/0x00000173aa11c400::newInvokeSpecial (32 bytes)
Event: 3.650 Thread 0x00000173a83697b0 nmethod 2409 0x00000173943c1990 code [0x00000173943c1b80, 0x00000173943c21e8]
Event: 3.650 Thread 0x00000173a83697b0 2413       3       java.util.HashSet::isEmpty (8 bytes)
Event: 3.650 Thread 0x00000173a83697b0 nmethod 2413 0x00000173943c2410 code [0x00000173943c25c0, 0x00000173943c2818]
Event: 3.650 Thread 0x00000173a83697b0 2410       3       org.springframework.util.ConcurrentReferenceHashMap$1::execute (55 bytes)
Event: 3.651 Thread 0x00000173a83697b0 nmethod 2410 0x00000173943c2910 code [0x00000173943c2b00, 0x00000173943c2ff8]
Event: 3.651 Thread 0x00000173a83697b0 2414       1       java.util.stream.ReduceOps$Box::get (5 bytes)
Event: 3.651 Thread 0x00000173a83697b0 nmethod 2414 0x000001739baf3c90 code [0x000001739baf3e20, 0x000001739baf3ee8]
Event: 3.652 Thread 0x00000173a83697b0 2415       3       java.util.concurrent.ConcurrentHashMap::<init> (9 bytes)
Event: 3.652 Thread 0x00000173a83697b0 nmethod 2415 0x00000173943c3210 code [0x00000173943c33e0, 0x00000173943c3530]

GC Heap History (7 events):
Event: 0.969 GC heap before
{Heap before GC invocations=0 (full 0):
 garbage-first heap   total 131072K, used 13312K [0x0000000081a00000, 0x0000000100000000)
  region size 1024K, 13 young (13312K), 0 survivors (0K)
 Metaspace       used 3147K, committed 3264K, reserved 1114112K
  class space    used 330K, committed 384K, reserved 1048576K
}
Event: 0.975 GC heap after
{Heap after GC invocations=1 (full 0):
 garbage-first heap   total 131072K, used 6048K [0x0000000081a00000, 0x0000000100000000)
  region size 1024K, 2 young (2048K), 2 survivors (2048K)
 Metaspace       used 3147K, committed 3264K, reserved 1114112K
  class space    used 330K, committed 384K, reserved 1048576K
}
Event: 1.625 GC heap before
{Heap before GC invocations=1 (full 0):
 garbage-first heap   total 131072K, used 19360K [0x0000000081a00000, 0x0000000100000000)
  region size 1024K, 15 young (15360K), 2 survivors (2048K)
 Metaspace       used 6909K, committed 7168K, reserved 1114112K
  class space    used 839K, committed 960K, reserved 1048576K
}
Event: 1.632 GC heap after
{Heap after GC invocations=2 (full 0):
 garbage-first heap   total 131072K, used 7843K [0x0000000081a00000, 0x0000000100000000)
  region size 1024K, 2 young (2048K), 2 survivors (2048K)
 Metaspace       used 6909K, committed 7168K, reserved 1114112K
  class space    used 839K, committed 960K, reserved 1048576K
}
Event: 3.048 GC heap before
{Heap before GC invocations=2 (full 0):
 garbage-first heap   total 131072K, used 39587K [0x0000000081a00000, 0x0000000100000000)
  region size 1024K, 34 young (34816K), 2 survivors (2048K)
 Metaspace       used 15177K, committed 15488K, reserved 1114112K
  class space    used 1957K, committed 2112K, reserved 1048576K
}
Event: 3.055 GC heap after
{Heap after GC invocations=3 (full 0):
 garbage-first heap   total 131072K, used 10126K [0x0000000081a00000, 0x0000000100000000)
  region size 1024K, 4 young (4096K), 4 survivors (4096K)
 Metaspace       used 15177K, committed 15488K, reserved 1114112K
  class space    used 1957K, committed 2112K, reserved 1048576K
}
Event: 3.653 GC heap before
{Heap before GC invocations=3 (full 0):
 garbage-first heap   total 131072K, used 36750K [0x0000000081a00000, 0x0000000100000000)
  region size 1024K, 32 young (32768K), 4 survivors (4096K)
 Metaspace       used 21243K, committed 21504K, reserved 1114112K
  class space    used 2713K, committed 2816K, reserved 1048576K
}

Dll operation events (11 events):
Event: 0.020 Loaded shared library C:\Program Files\Java\jdk-21\bin\java.dll
Event: 0.089 Loaded shared library C:\Program Files\Java\jdk-21\bin\jsvml.dll
Event: 0.402 Loaded shared library C:\Program Files\Java\jdk-21\bin\zip.dll
Event: 0.407 Loaded shared library C:\Program Files\Java\jdk-21\bin\instrument.dll
Event: 0.413 Loaded shared library C:\Program Files\Java\jdk-21\bin\net.dll
Event: 0.417 Loaded shared library C:\Program Files\Java\jdk-21\bin\nio.dll
Event: 0.423 Loaded shared library C:\Program Files\Java\jdk-21\bin\zip.dll
Event: 0.447 Loaded shared library C:\Users\DELL\Desktop\IntelliJ IDEA 2024.2\bin\breakgen64.dll
Event: 0.463 Loaded shared library C:\Program Files\Java\jdk-21\bin\extnet.dll
Event: 0.647 Loaded shared library C:\Program Files\Java\jdk-21\bin\jimage.dll
Event: 0.846 Loaded shared library C:\Program Files\Java\jdk-21\bin\verify.dll

Deoptimization events (20 events):
Event: 3.597 Thread 0x000001738a177d90 DEOPT PACKING pc=0x00000173941c3b59 sp=0x0000001a005fbbb0
Event: 3.597 Thread 0x000001738a177d90 DEOPT UNPACKING pc=0x000001739b4c4e42 sp=0x0000001a005fb0a0 mode 0
Event: 3.597 Thread 0x000001738a177d90 DEOPT PACKING pc=0x00000173941c3b59 sp=0x0000001a005fbbb0
Event: 3.597 Thread 0x000001738a177d90 DEOPT UNPACKING pc=0x000001739b4c4e42 sp=0x0000001a005fb0a0 mode 0
Event: 3.598 Thread 0x000001738a177d90 DEOPT PACKING pc=0x00000173941c3b59 sp=0x0000001a005fbbb0
Event: 3.598 Thread 0x000001738a177d90 DEOPT UNPACKING pc=0x000001739b4c4e42 sp=0x0000001a005fb0a0 mode 0
Event: 3.598 Thread 0x000001738a177d90 DEOPT PACKING pc=0x00000173941c3b59 sp=0x0000001a005fbbb0
Event: 3.598 Thread 0x000001738a177d90 DEOPT UNPACKING pc=0x000001739b4c4e42 sp=0x0000001a005fb0a0 mode 0
Event: 3.599 Thread 0x000001738a177d90 DEOPT PACKING pc=0x00000173941c3b59 sp=0x0000001a005fbbb0
Event: 3.599 Thread 0x000001738a177d90 DEOPT UNPACKING pc=0x000001739b4c4e42 sp=0x0000001a005fb0a0 mode 0
Event: 3.649 Thread 0x00000173eed83e10 DEOPT PACKING pc=0x000001739438b989 sp=0x0000001a01bfd780
Event: 3.649 Thread 0x00000173eed83e10 DEOPT UNPACKING pc=0x000001739b4c4e42 sp=0x0000001a01bfcc38 mode 0
Event: 3.652 Thread 0x00000173eed83e10 DEOPT PACKING pc=0x00000173941c3b59 sp=0x0000001a01bfda50
Event: 3.652 Thread 0x00000173eed83e10 DEOPT UNPACKING pc=0x000001739b4c4e42 sp=0x0000001a01bfcf40 mode 0
Event: 3.652 Thread 0x00000173eed83e10 Uncommon trap: trap_request=0xffffff45 fr.pc=0x000001739bad573c relative=0x00000000000004fc
Event: 3.652 Thread 0x00000173eed83e10 Uncommon trap: reason=unstable_if action=reinterpret pc=0x000001739bad573c method=java.lang.AbstractStringBuilder.isLatin1()Z @ 10 c2
Event: 3.652 Thread 0x00000173eed83e10 DEOPT PACKING pc=0x000001739bad573c sp=0x0000001a01bfd9f0
Event: 3.652 Thread 0x00000173eed83e10 DEOPT UNPACKING pc=0x000001739b4c46a2 sp=0x0000001a01bfd940 mode 2
Event: 3.652 Thread 0x00000173eed83e10 DEOPT PACKING pc=0x00000173941beeb6 sp=0x0000001a01bfda60
Event: 3.652 Thread 0x00000173eed83e10 DEOPT UNPACKING pc=0x000001739b4c4e42 sp=0x0000001a01bfcf48 mode 0

Classes loaded (20 events):
Event: 3.622 Loading class java/util/ResourceBundle$CacheKey
Event: 3.622 Loading class java/util/ResourceBundle$CacheKey done
Event: 3.623 Loading class java/util/ResourceBundle$KeyElementReference
Event: 3.623 Loading class java/util/ResourceBundle$CacheKeyReference
Event: 3.623 Loading class java/util/ResourceBundle$CacheKeyReference done
Event: 3.623 Loading class java/util/ResourceBundle$KeyElementReference done
Event: 3.623 Loading class java/util/ResourceBundle$Control$2
Event: 3.623 Loading class java/util/ResourceBundle$Control$2 done
Event: 3.625 Loading class java/util/PropertyResourceBundle
Event: 3.625 Loading class java/util/PropertyResourceBundle done
Event: 3.625 Loading class sun/util/PropertyResourceBundleCharset
Event: 3.625 Loading class sun/util/PropertyResourceBundleCharset done
Event: 3.626 Loading class sun/util/PropertyResourceBundleCharset$PropertiesFileDecoder
Event: 3.626 Loading class sun/util/PropertyResourceBundleCharset$PropertiesFileDecoder done
Event: 3.627 Loading class java/util/ResourceBundle$BundleReference
Event: 3.627 Loading class java/util/ResourceBundle$BundleReference done
Event: 3.639 Loading class javax/management/MBeanRegistration
Event: 3.639 Loading class javax/management/MBeanRegistration done
Event: 3.643 Loading class javax/security/auth/login/LoginException
Event: 3.643 Loading class javax/security/auth/login/LoginException done

Classes unloaded (0 events):
No events

Classes redefined (0 events):
No events

Internal exceptions (20 events):
Event: 2.632 Thread 0x000001738a177d90 Exception <a 'java/lang/NoSuchMethodError'{0x00000000883b98e8}: 'java.lang.Object java.lang.invoke.DirectMethodHandle$Holder.invokeSpecial(java.lang.Object, java.lang.Object, java.lang.Object, java.lang.Object, java.lang.Object, java.lang.Object, int)'> (0x00000000883b98e8) 
thrown [s\open\src\hotspot\share\interpreter\linkResolver.cpp, line 773]
Event: 2.633 Thread 0x000001738a177d90 Exception <a 'java/lang/NoSuchMethodError'{0x00000000883c3598}: 'java.lang.Object java.lang.invoke.DirectMethodHandle$Holder.newInvokeSpecial(java.lang.Object, java.lang.Object, java.lang.Object, java.lang.Object, java.lang.Object, java.lang.Object, int)'> (0x00000000883c3598) 
thrown [s\open\src\hotspot\share\interpreter\linkResolver.cpp, line 773]
Event: 2.633 Thread 0x000001738a177d90 Exception <a 'java/lang/NoSuchMethodError'{0x00000000883c80a8}: 'java.lang.Object java.lang.invoke.DirectMethodHandle$Holder.invokeSpecial(java.lang.Object, java.lang.Object, java.lang.Object, java.lang.Object, java.lang.Object, java.lang.Object, java.lang.Object, int)'> (0x00000000883c80a8) 
thrown [s\open\src\hotspot\share\interpreter\linkResolver.cpp, line 773]
Event: 2.687 Thread 0x000001738a177d90 Exception <a 'java/lang/NoSuchMethodError'{0x00000000882f2690}: 'void java.lang.invoke.DirectMethodHandle$Holder.invokeStatic(java.lang.Object, java.lang.Object, java.lang.Object, java.lang.Object, java.lang.Object, java.lang.Object)'> (0x00000000882f2690) 
thrown [s\open\src\hotspot\share\interpreter\linkResolver.cpp, line 773]
Event: 2.731 Thread 0x000001738a177d90 Exception <a 'java/lang/NoSuchMethodError'{0x00000000881c06c0}: 'java.lang.Object java.lang.invoke.DirectMethodHandle$Holder.invokeSpecial(java.lang.Object, java.lang.Object, java.lang.Object, int, java.lang.Object)'> (0x00000000881c06c0) 
thrown [s\open\src\hotspot\share\interpreter\linkResolver.cpp, line 773]
Event: 2.732 Thread 0x000001738a177d90 Exception <a 'java/lang/NoSuchMethodError'{0x00000000881c8220}: 'java.lang.Object java.lang.invoke.DirectMethodHandle$Holder.newInvokeSpecial(java.lang.Object, java.lang.Object, java.lang.Object, int, java.lang.Object)'> (0x00000000881c8220) 
thrown [s\open\src\hotspot\share\interpreter\linkResolver.cpp, line 773]
Event: 2.733 Thread 0x000001738a177d90 Exception <a 'java/lang/NoSuchMethodError'{0x00000000881cf868}: 'java.lang.Object java.lang.invoke.Invokers$Holder.linkToTargetMethod(java.lang.Object, java.lang.Object, int, java.lang.Object, java.lang.Object)'> (0x00000000881cf868) 
thrown [s\open\src\hotspot\share\interpreter\linkResolver.cpp, line 773]
Event: 2.735 Thread 0x000001738a177d90 Exception <a 'java/lang/NoSuchMethodError'{0x00000000881dd5c0}: 'java.lang.Object java.lang.invoke.DirectMethodHandle$Holder.newInvokeSpecial(java.lang.Object, int, java.lang.Object)'> (0x00000000881dd5c0) 
thrown [s\open\src\hotspot\share\interpreter\linkResolver.cpp, line 773]
Event: 2.828 Thread 0x000001738a177d90 Exception <a 'java/lang/NoSuchMethodError'{0x0000000087f95888}: 'java.lang.Object java.lang.invoke.DirectMethodHandle$Holder.invokeStatic(java.lang.Object, long, java.lang.Object)'> (0x0000000087f95888) 
thrown [s\open\src\hotspot\share\interpreter\linkResolver.cpp, line 773]
Event: 2.829 Thread 0x000001738a177d90 Exception <a 'java/lang/NoSuchMethodError'{0x0000000087f99440}: 'java.lang.Object java.lang.invoke.DirectMethodHandle$Holder.invokeStaticInit(java.lang.Object, long, java.lang.Object)'> (0x0000000087f99440) 
thrown [s\open\src\hotspot\share\interpreter\linkResolver.cpp, line 773]
Event: 2.830 Thread 0x000001738a177d90 Exception <a 'java/lang/NoSuchMethodError'{0x0000000087f9f140}: 'java.lang.Object java.lang.invoke.DirectMethodHandle$Holder.newInvokeSpecial(java.lang.Object, long)'> (0x0000000087f9f140) 
thrown [s\open\src\hotspot\share\interpreter\linkResolver.cpp, line 773]
Event: 2.938 Thread 0x000001738a177d90 Exception <a 'java/lang/IncompatibleClassChangeError'{0x0000000087d691b8}: Found class java.lang.Object, but interface was expected> (0x0000000087d691b8) 
thrown [s\open\src\hotspot\share\interpreter\linkResolver.cpp, line 840]
Event: 2.939 Thread 0x00000173eed83e10 Exception <a 'java/lang/NoClassDefFoundError'{0x0000000087d94c70}: jakarta/validation/Validation> (0x0000000087d94c70) 
thrown [s\open\src\hotspot\share\classfile\systemDictionary.cpp, line 301]
Event: 2.947 Thread 0x000001738a177d90 Exception <a 'java/lang/NoSuchMethodError'{0x0000000087de22a8}: 'java.lang.Object java.lang.invoke.DirectMethodHandle$Holder.invokeStatic(java.lang.Object, int, java.lang.Object)'> (0x0000000087de22a8) 
thrown [s\open\src\hotspot\share\interpreter\linkResolver.cpp, line 773]
Event: 2.948 Thread 0x000001738a177d90 Exception <a 'java/lang/NoSuchMethodError'{0x0000000087de5e58}: 'java.lang.Object java.lang.invoke.DirectMethodHandle$Holder.invokeStaticInit(java.lang.Object, int, java.lang.Object)'> (0x0000000087de5e58) 
thrown [s\open\src\hotspot\share\interpreter\linkResolver.cpp, line 773]
Event: 3.594 Thread 0x00000173eed83e10 Exception <a 'java/lang/NoSuchMethodError'{0x000000008809ad80}: 'long java.lang.invoke.DirectMethodHandle$Holder.invokeStatic(java.lang.Object, java.lang.Object)'> (0x000000008809ad80) 
thrown [s\open\src\hotspot\share\interpreter\linkResolver.cpp, line 773]
Event: 3.595 Thread 0x00000173eed83e10 Exception <a 'java/lang/NoSuchMethodError'{0x000000008809e428}: 'long java.lang.invoke.DirectMethodHandle$Holder.invokeStaticInit(java.lang.Object, java.lang.Object)'> (0x000000008809e428) 
thrown [s\open\src\hotspot\share\interpreter\linkResolver.cpp, line 773]
Event: 3.597 Thread 0x00000173eed83e10 Exception <a 'java/lang/NoSuchMethodError'{0x00000000880aa2c0}: 'long java.lang.invoke.DirectMethodHandle$Holder.invokeInterface(java.lang.Object, java.lang.Object)'> (0x00000000880aa2c0) 
thrown [s\open\src\hotspot\share\interpreter\linkResolver.cpp, line 773]
Event: 3.598 Thread 0x00000173eed83e10 Exception <a 'java/lang/IncompatibleClassChangeError'{0x00000000880ad2c0}: Found class java.lang.Object, but interface was expected> (0x00000000880ad2c0) 
thrown [s\open\src\hotspot\share\interpreter\linkResolver.cpp, line 840]
Event: 3.604 Thread 0x00000173eed83e10 Exception <a 'java/lang/NoSuchMethodError'{0x00000000880c31f0}: 'java.lang.Object java.lang.invoke.DirectMethodHandle$Holder.invokeVirtual(java.lang.Object, java.lang.Object, java.lang.Object, java.lang.Object)'> (0x00000000880c31f0) 
thrown [s\open\src\hotspot\share\interpreter\linkResolver.cpp, line 773]

ZGC Phase Switch (0 events):
No events

VM Operations (20 events):
Event: 1.632 Executing VM operation: G1CollectForAllocation (G1 Evacuation Pause) done
Event: 1.914 Executing VM operation: HandshakeAllThreads (Deoptimize)
Event: 1.914 Executing VM operation: HandshakeAllThreads (Deoptimize) done
Event: 2.075 Executing VM operation: HandshakeAllThreads (Deoptimize)
Event: 2.075 Executing VM operation: HandshakeAllThreads (Deoptimize) done
Event: 2.699 Executing VM operation: HandshakeAllThreads (Deoptimize)
Event: 2.699 Executing VM operation: HandshakeAllThreads (Deoptimize) done
Event: 2.699 Executing VM operation: Cleanup
Event: 2.699 Executing VM operation: Cleanup done
Event: 2.917 Executing VM operation: HandshakeAllThreads (Deoptimize)
Event: 2.917 Executing VM operation: HandshakeAllThreads (Deoptimize) done
Event: 3.047 Executing VM operation: G1CollectForAllocation (G1 Evacuation Pause)
Event: 3.055 Executing VM operation: G1CollectForAllocation (G1 Evacuation Pause) done
Event: 3.249 Executing VM operation: HandshakeAllThreads (Deoptimize)
Event: 3.249 Executing VM operation: HandshakeAllThreads (Deoptimize) done
Event: 3.282 Executing VM operation: HandshakeAllThreads (Deoptimize)
Event: 3.282 Executing VM operation: HandshakeAllThreads (Deoptimize) done
Event: 3.364 Executing VM operation: HandshakeAllThreads (Deoptimize)
Event: 3.364 Executing VM operation: HandshakeAllThreads (Deoptimize) done
Event: 3.652 Executing VM operation: CollectForMetadataAllocation (Metadata GC Threshold)

Events (15 events):
Event: 0.052 Thread 0x000001738a177d90 Thread added: 0x000001738a177d90
Event: 0.080 Thread 0x00000173a835b440 Thread added: 0x00000173a835b440
Event: 0.080 Thread 0x00000173a835bf70 Thread added: 0x00000173a835bf70
Event: 0.081 Thread 0x00000173a835d950 Thread added: 0x00000173a835d950
Event: 0.081 Thread 0x00000173a8360fe0 Thread added: 0x00000173a8360fe0
Event: 0.081 Thread 0x00000173a8361650 Thread added: 0x00000173a8361650
Event: 0.081 Thread 0x00000173a8365cd0 Thread added: 0x00000173a8365cd0
Event: 0.081 Thread 0x00000173a8366670 Thread added: 0x00000173a8366670
Event: 0.083 Thread 0x00000173a83697b0 Thread added: 0x00000173a83697b0
Event: 0.362 Thread 0x00000173a832ae60 Thread added: 0x00000173a832ae60
Event: 0.448 Thread 0x00000173a86cdaf0 Thread added: 0x00000173a86cdaf0
Event: 0.448 Thread 0x00000173a86d1b40 Thread added: 0x00000173a86d1b40
Event: 2.934 Thread 0x00000173eed83e10 Thread added: 0x00000173eed83e10
Event: 3.457 Thread 0x00000173ef6e89f0 Thread added: 0x00000173ef6e89f0
Event: 3.532 Thread 0x00000173ef6e89f0 Thread exited: 0x00000173ef6e89f0


Dynamic libraries:
0x00007ff646d10000 - 0x00007ff646d20000 	C:\Program Files\Java\jdk-21\bin\java.exe
0x00007ffacaf50000 - 0x00007ffacb167000 	C:\Windows\SYSTEM32\ntdll.dll
0x00007ffac8cf0000 - 0x00007ffac8db4000 	C:\Windows\System32\KERNEL32.DLL
0x00007ffac8520000 - 0x00007ffac88cd000 	C:\Windows\System32\KERNELBASE.dll
0x00007ffac8b30000 - 0x00007ffac8c41000 	C:\Windows\System32\ucrtbase.dll
0x00007ffabb600000 - 0x00007ffabb619000 	C:\Program Files\Java\jdk-21\bin\jli.dll
0x00007ffac9680000 - 0x00007ffac9732000 	C:\Windows\System32\ADVAPI32.dll
0x00007ffaca080000 - 0x00007ffaca127000 	C:\Windows\System32\msvcrt.dll
0x00007ffacae60000 - 0x00007ffacaf09000 	C:\Windows\System32\sechost.dll
0x00007ffac83e0000 - 0x00007ffac8408000 	C:\Windows\System32\bcrypt.dll
0x00007ffac9e60000 - 0x00007ffac9f74000 	C:\Windows\System32\RPCRT4.dll
0x00007ffacab10000 - 0x00007ffacacbe000 	C:\Windows\System32\USER32.dll
0x00007ffac8c50000 - 0x00007ffac8c76000 	C:\Windows\System32\win32u.dll
0x00007ffac8dc0000 - 0x00007ffac8de9000 	C:\Windows\System32\GDI32.dll
0x00007ffac8a10000 - 0x00007ffac8b29000 	C:\Windows\System32\gdi32full.dll
0x00007ffac8480000 - 0x00007ffac851a000 	C:\Windows\System32\msvcp_win.dll
0x00007ffab3060000 - 0x00007ffab307b000 	C:\Program Files\Java\jdk-21\bin\VCRUNTIME140.dll
0x00007ffac74d0000 - 0x00007ffac7763000 	C:\Windows\WinSxS\amd64_microsoft.windows.common-controls_6595b64144ccf1df_6.0.22621.3672_none_2713b9d173822955\COMCTL32.dll
0x00007ffac7dd0000 - 0x00007ffac7dda000 	C:\Windows\SYSTEM32\VERSION.dll
0x00007ffacacc0000 - 0x00007ffacacf1000 	C:\Windows\System32\IMM32.DLL
0x0000000055340000 - 0x000000005534c000 	C:\Program Files (x86)\360\Total Security\safemon\SafeWrapper.dll
0x00007ffabde60000 - 0x00007ffabdf0c000 	C:\Program Files (x86)\360\Total Security\safemon\libzdtp64.dll
0x00007ffac8e10000 - 0x00007ffac9678000 	C:\Windows\System32\SHELL32.dll
0x00007ffac8c90000 - 0x00007ffac8cee000 	C:\Windows\System32\SHLWAPI.dll
0x00007ffac1700000 - 0x00007ffac170c000 	C:\Program Files\Java\jdk-21\bin\vcruntime140_1.dll
0x00007ffa616a0000 - 0x00007ffa6172e000 	C:\Program Files\Java\jdk-21\bin\msvcp140.dll
0x00007ffa11600000 - 0x00007ffa12315000 	C:\Program Files\Java\jdk-21\bin\server\jvm.dll
0x00007ffac9a10000 - 0x00007ffac9a81000 	C:\Windows\System32\WS2_32.dll
0x00007ffac8130000 - 0x00007ffac817d000 	C:\Windows\SYSTEM32\POWRPROF.dll
0x00007ffabdce0000 - 0x00007ffabdd14000 	C:\Windows\SYSTEM32\WINMM.dll
0x00007ffac8110000 - 0x00007ffac8123000 	C:\Windows\SYSTEM32\UMPDC.dll
0x00007ffac62c0000 - 0x00007ffac62d8000 	C:\Windows\SYSTEM32\kernel.appcore.dll
0x00007ffab7360000 - 0x00007ffab736a000 	C:\Program Files\Java\jdk-21\bin\jimage.dll
0x00007ffac7a60000 - 0x00007ffac7c92000 	C:\Windows\SYSTEM32\DBGHELP.DLL
0x00007ffaca150000 - 0x00007ffaca4dd000 	C:\Windows\System32\combase.dll
0x00007ffacad00000 - 0x00007ffacadd7000 	C:\Windows\System32\OLEAUT32.dll
0x00007ffac7950000 - 0x00007ffac7982000 	C:\Windows\SYSTEM32\dbgcore.DLL
0x00007ffac8990000 - 0x00007ffac8a0b000 	C:\Windows\System32\bcryptPrimitives.dll
0x00007ffac6eb0000 - 0x00007ffac6ebf000 	C:\Program Files\Java\jdk-21\bin\instrument.dll
0x00007ffaaf750000 - 0x00007ffaaf76f000 	C:\Program Files\Java\jdk-21\bin\java.dll
0x00007ffac51e0000 - 0x00007ffac5ade000 	C:\Windows\SYSTEM32\windows.storage.dll
0x00007ffac50a0000 - 0x00007ffac51df000 	C:\Windows\SYSTEM32\wintypes.dll
0x00007ffac9d60000 - 0x00007ffac9e59000 	C:\Windows\System32\SHCORE.dll
0x00007ffac81a0000 - 0x00007ffac81c1000 	C:\Windows\SYSTEM32\profapi.dll
0x00007ffa3f7a0000 - 0x00007ffa3f877000 	C:\Program Files\Java\jdk-21\bin\jsvml.dll
0x00007ffa8aa90000 - 0x00007ffa8aaa8000 	C:\Program Files\Java\jdk-21\bin\zip.dll
0x00007ffa961f0000 - 0x00007ffa96200000 	C:\Program Files\Java\jdk-21\bin\net.dll
0x00007ffabe540000 - 0x00007ffabe676000 	C:\Windows\SYSTEM32\WINHTTP.dll
0x00007ffac6690000 - 0x00007ffac66f9000 	C:\Windows\system32\mswsock.dll
0x00007ffa961d0000 - 0x00007ffa961e6000 	C:\Program Files\Java\jdk-21\bin\nio.dll
0x00007ffab6f90000 - 0x00007ffab6faa000 	C:\Users\DELL\Desktop\IntelliJ IDEA 2024.2\bin\breakgen64.dll
0x00007ffa96170000 - 0x00007ffa96177000 	C:\Program Files\Java\jdk-21\bin\extnet.dll
0x00007ffa91f20000 - 0x00007ffa91f30000 	C:\Program Files\Java\jdk-21\bin\verify.dll

dbghelp: loaded successfully - version: 4.0.5 - missing functions: none
symbol engine: initialized successfully - sym options: 0x614 - pdb path: .;C:\Program Files\Java\jdk-21\bin;C:\Windows\SYSTEM32;C:\Windows\WinSxS\amd64_microsoft.windows.common-controls_6595b64144ccf1df_6.0.22621.3672_none_2713b9d173822955;C:\Program Files (x86)\360\Total Security\safemon;C:\Program Files\Java\jdk-21\bin\server;C:\Users\DELL\Desktop\IntelliJ IDEA 2024.2\bin

VM Arguments:
jvm_args: -ea -Didea.test.cyclic.buffer.size=1048576 -javaagent:C:\Users\DELL\Desktop\IntelliJ IDEA 2024.2\lib\idea_rt.jar=58715:C:\Users\DELL\Desktop\IntelliJ IDEA 2024.2\bin -Dfile.encoding=UTF-8 -Dsun.stdout.encoding=UTF-8 -Dsun.stderr.encoding=UTF-8 
java_command: com.intellij.rt.junit.JUnitStarter -ideVersion5 -junit5 africa.semicolon.myapp.service.UserServiceTest,testRegister
java_class_path (initial): C:\Users\DELL\.m2\repository\org\junit\platform\junit-platform-launcher\1.10.3\junit-platform-launcher-1.10.3.jar;C:\Users\DELL\.m2\repository\org\junit\vintage\junit-vintage-engine\5.10.3\junit-vintage-engine-5.10.3.jar;C:\Users\DELL\Desktop\IntelliJ IDEA 2024.2\lib\idea_rt.jar;C:\Users\DELL\Desktop\IntelliJ IDEA 2024.2\plugins\junit\lib\junit5-rt.jar;C:\Users\DELL\Desktop\IntelliJ IDEA 2024.2\plugins\junit\lib\junit-rt.jar;C:\Users\DELL\my-app\target\test-classes;C:\Users\DELL\my-app\target\classes;C:\Users\DELL\.m2\repository\org\springframework\boot\spring-boot-starter-web\3.3.3\spring-boot-starter-web-3.3.3.jar;C:\Users\DELL\.m2\repository\org\springframework\boot\spring-boot-starter\3.3.3\spring-boot-starter-3.3.3.jar;C:\Users\DELL\.m2\repository\org\springframework\boot\spring-boot\3.3.3\spring-boot-3.3.3.jar;C:\Users\DELL\.m2\repository\org\springframework\boot\spring-boot-autoconfigure\3.3.3\spring-boot-autoconfigure-3.3.3.jar;C:\Users\DELL\.m2\repository\org\springframework\boot\spring-boot-starter-logging\3.3.3\spring-boot-starter-logging-3.3.3.jar;C:\Users\DELL\.m2\repository\ch\qos\logback\logback-classic\1.5.7\logback-classic-1.5.7.jar;C:\Users\DELL\.m2\repository\ch\qos\logback\logback-core\1.5.7\logback-core-1.5.7.jar;C:\Users\DELL\.m2\repository\org\apache\logging\log4j\log4j-to-slf4j\2.23.1\log4j-to-slf4j-2.23.1.jar;C:\Users\DELL\.m2\repository\org\apache\logging\log4j\log4j-api\2.23.1\log4j-api-2.23.1.jar;C:\Users\DELL\.m2\repository\org\slf4j\jul-to-slf4j\2.0.16\jul-to-slf4j-2.0.16.jar;C:\Users\DELL\.m2\repository\jakarta\annotation\jakarta.annotation-api\2.1.1\jakarta.annotation-api-2.1.1.jar;C:\Users\DELL\.m2\repository\org\yaml\snakeyaml\2.2\snakeyaml-2.2.jar;C:\Users\DELL\.m2\repository\org\springframework\boot\spring-boot-starter-json\3.3.3\spring-boot-starter-json-3.3.3.jar;C:\Users\DELL\.m2\repository\com\fasterxml\jackson\core\jackson-databind\2.17.2\jackson-databind-2.17.2.jar;C:\Users\DELL\.m2\repository\com\fasterxml\jackson\core\jackson-annotations\2.17.2\jackson-annotations-2.17.2.jar;C:\Users\DELL\.m2\repository\com\fasterxml\jackson\core\jackson-core\2.17.2\jackson-core-2.17.2.jar;C:\Users\DELL\.m2\repository\com\fasterxml\jackson\datatype\jackson-datatype-jdk8\2.17.2\jackson-datatype-jdk8-2.17.2.jar;C:\Users\DELL\.m2\repository\com\fasterxml\jackson\datatype\jackson-datatype-jsr310\2.17.2\jackson-datatype-jsr310-2.17.2.jar;C:\Users\DELL\.m2\repository\com\fasterxml\jackson\module\jackson-module-parameter-names\2.17.2\jackson-module-parameter-names-2.17.2.jar;C:\Users\DELL\.m2\repository\org\springframework\boot\spring-boot-starter-tomcat\3.3.3\spring-boot-starter-tomcat-3.3.3.jar;C:\Users\DELL\.m2\repository\org\apache\tomcat\embed\tomcat-embed-core\10.1.28\tomcat-embed-core-10.1.28.jar;C:\Users\DELL\.m2\repository\org\apache\tomcat\embed\tomcat-embed-el\10.1.28\tomcat-embed-el-10.1.28.jar;C:\Users\DELL\.m2\repository\org\apache\tomcat\embed\tomcat-embed-websocket\10.1.28\tomcat-embed-websocket-10.1.28.jar;C:\Users\DELL\.m2\repository\org\springframework\spring-web\6.1.12\spring-web-6.1.12.jar;C:\Users\DELL\.m2\repository\org\springframework\spring-beans\6.1.12\spring-beans-6.1.12.jar;C:\Users\DELL\.m2\repository\io\micrometer\micrometer-observation\1.13.3\micrometer-observation-1.13.3.jar;C:\Users\DELL\.m2\repository\io\micrometer\micrometer-commons\1.13.3\micrometer-commons-1.13.3.jar;C:\Users\DELL\.m2\repository\org\springframework\spring-webmvc\6.1.12\spring-webmvc-6.1.12.jar;C:\Users\DELL\.m2\repository\org\springframework\spring-aop\6.1.12\spring-aop-6.1.12.jar;C:\Users\DELL\.m2\repository\org\springframework\spring-context\6.1.12\spring-context-6.1.12.jar;C:\Users\DELL\.m2\repository\org\springframework\spring-expression\6.1.12\spring-expression-6.1.12.jar;C:\Users\DELL\.m2\repository\org\springframework\boot\spring-boot-starter-data-jpa\3.3.3\spring-boot-starter-data-jpa-3.3.3.jar;C:\Users\DELL\.m2\repository\org\springframework\boot\spring-boot-starter-aop\3.3.3\spring-boot-starter-aop-3.3.3.jar;C:\Users\DELL\.m2\repository\org\aspectj\aspectjweaver\1.9.22.1\aspectjweaver-1.9.22.1.jar;C:\Users\DELL\.m2\repository\org\springframework\boot\spring-boot-starter-jdbc\3.3.3\spring-boot-starter-jdbc-3.3.3.jar;C:\Users\DELL\.m2\repository\com\zaxxer\HikariCP\5.1.0\HikariCP-5.1.0.jar;C:\Users\DELL\.m2\repository\org\springframework\spring-jdbc\6.1.12\spring-jdbc-6.1.12.jar;C:\Users\DELL\.m2\repository\org\springframework\data\spring-data-jpa\3.3.3\spring-data-jpa-3.3.3.jar;C:\Users\DELL\.m2\repository\org\springframework\data\spring-data-commons\3.3.3\spring-data-commons-3.3.3.jar;C:\Users\DELL\.m2\repository\org\springframework\spring-orm\6.1.12\spring-orm-6.1.12.jar;C:\Users\DELL\.m2\repository\org\springframework\spring-tx\6.1.12\spring-tx-6.1.12.jar;C:\Users\DELL\.m2\repository\org\slf4j\slf4j-api\2.0.16\slf4j-api-2.0.16.jar;C:\Users\DELL\.m2\repository\org\springframework\spring-aspects\6.1.12\spring-aspects-6.1.12.jar;C:\Users\DELL\.m2\repository\org\springframework\boot\spring-boot-starter-test\3.3.3\spring-boot-starter-test-3.3.3.jar;C:\Users\DELL\.m2\repository\org\springframework\boot\spring-boot-test\3.3.3\spring-boot-test-3.3.3.jar;C:\Users\DELL\.m2\repository\org\springframework\boot\spring-boot-test-autoconfigure\3.3.3\spring-boot-test-autoconfigure-3.3.3.jar;C:\Users\DELL\.m2\repository\com\jayway\jsonpath\json-path\2.9.0\json-path-2.9.0.jar;C:\Users\DELL\.m2\repository\jakarta\xml\bind\jakarta.xml.bind-api\4.0.2\jakarta.xml.bind-api-4.0.2.jar;C:\Users\DELL\.m2\repository\jakarta\activation\jakarta.activation-api\2.1.3\jakarta.activation-api-2.1.3.jar;C:\Users\DELL\.m2\repository\net\minidev\json-smart\2.5.1\json-smart-2.5.1.jar;C:\Users\DELL\.m2\repository\net\minidev\accessors-smart\2.5.1\accessors-smart-2.5.1.jar;C:\Users\DELL\.m2\repository\org\ow2\asm\asm\9.6\asm-9.6.jar;C:\Users\DELL\.m2\repository\org\assertj\assertj-core\3.25.3\assertj-core-3.25.3.jar;C:\Users\DELL\.m2\repository\org\awaitility\awaitility\4.2.2\awaitility-4.2.2.jar;C:\Users\DELL\.m2\repository\org\hamcrest\hamcrest\2.2\hamcrest-2.2.jar;C:\Users\DELL\.m2\repository\org\junit\jupiter\junit-jupiter\5.10.3\junit-jupiter-5.10.3.jar;C:\Users\DELL\.m2\repository\org\junit\jupiter\junit-jupiter-api\5.10.3\junit-jupiter-api-5.10.3.jar;C:\Users\DELL\.m2\repository\org\opentest4j\opentest4j\1.3.0\opentest4j-1.3.0.jar;C:\Users\DELL\.m2\repository\org\junit\platform\junit-platform-commons\1.10.3\junit-platform-commons-1.10.3.jar;C:\Users\DELL\.m2\repository\org\apiguardian\apiguardian-api\1.1.2\apiguardian-api-1.1.2.jar;C:\Users\DELL\.m2\repository\org\junit\jupiter\junit-jupiter-params\5.10.3\junit-jupiter-params-5.10.3.jar;C:\Users\DELL\.m2\repository\org\junit\jupiter\junit-jupiter-engine\5.10.3\junit-jupiter-engine-5.10.3.jar;C:\Users\DELL\.m2\repository\org\junit\platform\junit-platform-engine\1.10.3\junit-platform-engine-1.10.3.jar;C:\Users\DELL\.m2\repository\org\mockito\mockito-core\5.11.0\mockito-core-5.11.0.jar;C:\Users\DELL\.m2\repository\net\bytebuddy\byte-buddy-agent\1.14.19\byte-buddy-agent-1.14.19.jar;C:\Users\DELL\.m2\repository\org\objenesis\objenesis\3.3\objenesis-3.3.jar;C:\Users\DELL\.m2\repository\org\mockito\mockito-junit-jupiter\5.11.0\mockito-junit-jupiter-5.11.0.jar;C:\Users\DELL\.m2\repository\org\skyscreamer\jsonassert\1.5.3\jsonassert-1.5.3.jar;C:\Users\DELL\.m2\repository\com\vaadin\external\google\android-json\0.0.20131108.vaadin1\android-json-0.0.20131108.vaadin1.jar;C:\Users\DELL\.m2\repository\org\springframework\spring-core\6.1.12\spring-core-6.1.12.jar;C:\Users\DELL\.m2\repository\org\springframework\spring-jcl\6.1.12\spring-jcl-6.1.12.jar;C:\Users\DELL\.m2\repository\org\springframework\spring-test\6.1.12\spring-test-6.1.12.jar;C:\Users\DELL\.m2\repository\org\xmlunit\xmlunit-core\2.9.1\xmlunit-core-2.9.1.jar;C:\Users\DELL\.m2\repository\org\hibernate\orm\hibernate-core\6.5.2.Final\hibernate-core-6.5.2.Final.jar;C:\Users\DELL\.m2\repository\jakarta\persistence\jakarta.persistence-api\3.1.0\jakarta.persistence-api-3.1.0.jar;C:\Users\DELL\.m2\repository\jakarta\transaction\jakarta.transaction-api\2.0.1\jakarta.transaction-api-2.0.1.jar;C:\Users\DELL\.m2\repository\org\jboss\logging\jboss-logging\3.5.3.Final\jboss-logging-3.5.3.Final.jar;C:\Users\DELL\.m2\repository\org\hibernate\common\hibernate-commons-annotations\6.0.6.Final\hibernate-commons-annotations-6.0.6.Final.jar;C:\Users\DELL\.m2\repository\io\smallrye\jandex\3.1.2\jandex-3.1.2.jar;C:\Users\DELL\.m2\repository\com\fasterxml\classmate\1.7.0\classmate-1.7.0.jar;C:\Users\DELL\.m2\repository\net\bytebuddy\byte-buddy\1.14.19\byte-buddy-1.14.19.jar;C:\Users\DELL\.m2\repository\org\glassfish\jaxb\jaxb-runtime\4.0.5\jaxb-runtime-4.0.5.jar;C:\Users\DELL\.m2\repository\org\glassfish\jaxb\jaxb-core\4.0.5\jaxb-core-4.0.5.jar;C:\Users\DELL\.m2\repository\org\eclipse\angus\angus-activation\2.0.2\angus-activation-2.0.2.jar;C:\Users\DELL\.m2\repository\org\glassfish\jaxb\txw2\4.0.5\txw2-4.0.5.jar;C:\Users\DELL\.m2\repository\com\sun\istack\istack-commons-runtime\4.1.2\istack-commons-runtime-4.1.2.jar;C:\Users\DELL\.m2\repository\jakarta\inject\jakarta.inject-api\2.0.1\jakarta.inject-api-2.0.1.jar;C:\Users\DELL\.m2\repository\org\antlr\antlr4-runtime\4.13.0\antlr4-runtime-4.13.0.jar;C:\Users\DELL\.m2\repository\junit\junit\4.13.2\junit-4.13.2.jar;C:\Users\DELL\.m2\repository\org\hamcrest\hamcrest-core\2.2\hamcrest-core-2.2.jar;C:\Users\DELL\.m2\repository\org\projectlombok\lombok\1.18.34\lombok-1.18.34.jar;C:\Users\DELL\.m2\repository\com\mysql\mysql-connector-j\8.3.0\mysql-connector-j-8.3.0.jar
Launcher Type: SUN_STANDARD

[Global flags]
     intx CICompilerCount                          = 3                                         {product} {ergonomic}
     uint ConcGCThreads                            = 1                                         {product} {ergonomic}
     uint G1ConcRefinementThreads                  = 4                                         {product} {ergonomic}
   size_t G1HeapRegionSize                         = 1048576                                   {product} {ergonomic}
    uintx GCDrainStackTargetSize                   = 64                                        {product} {ergonomic}
   size_t InitialHeapSize                          = 134217728                                 {product} {ergonomic}
   size_t MarkStackSize                            = 4194304                                   {product} {ergonomic}
   size_t MaxHeapSize                              = 2120220672                                {product} {ergonomic}
   size_t MaxNewSize                               = 1271922688                                {product} {ergonomic}
   size_t MinHeapDeltaBytes                        = 1048576                                   {product} {ergonomic}
   size_t MinHeapSize                              = 8388608                                   {product} {ergonomic}
    uintx NonNMethodCodeHeapSize                   = 5832780                                {pd product} {ergonomic}
    uintx NonProfiledCodeHeapSize                  = 122912730                              {pd product} {ergonomic}
    uintx ProfiledCodeHeapSize                     = 122912730                              {pd product} {ergonomic}
    uintx ReservedCodeCacheSize                    = 251658240                              {pd product} {ergonomic}
     bool SegmentedCodeCache                       = true                                      {product} {ergonomic}
   size_t SoftMaxHeapSize                          = 2120220672                             {manageable} {ergonomic}
     bool UseCompressedOops                        = true                           {product lp64_product} {ergonomic}
     bool UseG1GC                                  = true                                      {product} {ergonomic}
     bool UseLargePagesIndividualAllocation        = false                                  {pd product} {ergonomic}

Logging:
Log output configuration:
 #0: stdout all=warning uptime,level,tags foldmultilines=false
 #1: stderr all=off uptime,level,tags foldmultilines=false

Environment Variables:
PATH=C:\Program Files (x86)\Common Files\Oracle\Java\javapath;C:\Program Files\Common Files\Oracle\Java\javapath;C:\Windows\system32;C:\Windows;C:\Windows\System32\Wbem;C:\Windows\System32\WindowsPowerShell\v1.0\;C:\Windows\System32\OpenSSH\;C:\Program Files\Git\cmd;C:\Program Files (x86)\Microsoft SQL Server\150\DTS\Binn\;C:\Program Files\Microsoft SQL Server\Client SDK\ODBC\130\Tools\Binn\;C:\Program Files (x86)\Microsoft SQL Server\140\Tools\Binn\;C:\Program Files\Microsoft SQL Server\140\Tools\Binn\;C:\Program Files\Microsoft SQL Server\140\DTS\Binn\;C:\Program Files\nodejs\;C:\Program Files\Go\bin;C:\Program Files\Docker\Docker\resources\bin;C:\Program Files\PuTTY\;C:\Users\DELL\.cargo\bin;C:\Program Files\MySQL\MySQL Shell 8.0\bin\;C:\Users\DELL\AppData\Local\Programs\Python\Python312\Scripts\;C:\Users\DELL\AppData\Local\Programs\Python\Python312\;C:\Users\DELL\AppData\Local\Microsoft\WindowsApps;;C:\Program Files\JetBrains\IntelliJ IDEA 2023.3.2\bin;;C:\Users\DELL\AppData\Local\Programs\Microsoft VS Code\bin;C:\Users\DELL\AppData\Roaming\npm;C:\Users\DELL\go\bin
USERNAME=DELL
OS=Windows_NT
PROCESSOR_IDENTIFIER=Intel64 Family 6 Model 78 Stepping 3, GenuineIntel
TMP=C:\Users\DELL\AppData\Local\Temp
TEMP=C:\Users\DELL\AppData\Local\Temp




Periodic native trim disabled

---------------  S Y S T E M  ---------------

OS:
 Windows 11 , 64 bit Build 22621 (10.0.22621.3958)
OS uptime: 0 days 10:57 hours
Hyper-V role detected

CPU: total 4 (initial active 4) (2 cores per cpu, 2 threads per core) family 6 model 78 stepping 3 microcode 0xf0, cx8, cmov, fxsr, ht, mmx, 3dnowpref, sse, sse2, sse3, ssse3, sse4.1, sse4.2, popcnt, lzcnt, tsc, tscinvbit, avx, avx2, aes, erms, clmul, bmi1, bmi2, rtm, adx, fma, vzeroupper, clflush, clflushopt, hv, rdtscp, f16c
Processor Information for processor 0
  Max Mhz: 2501, Current Mhz: 2501, Mhz Limit: 2501
Processor Information for processor 1
  Max Mhz: 2501, Current Mhz: 2501, Mhz Limit: 2501
Processor Information for processor 2
  Max Mhz: 2501, Current Mhz: 2501, Mhz Limit: 2501
Processor Information for processor 3
  Max Mhz: 2501, Current Mhz: 1500, Mhz Limit: 2501

Memory: 4k page, system-wide physical 8083M (196M free)
TotalPageFile size 18226M (AvailPageFile size 2452M)
current process WorkingSet (physical memory assigned to process): 133M, peak: 133M
current process commit charge ("private bytes"): 250M, peak: 250M

vm_info: Java HotSpot(TM) 64-Bit Server VM (21.0.1+12-LTS-29) for windows-amd64 JRE (21.0.1+12-LTS-29), built on 2023-10-05T13:27:09Z by "mach5one" with MS VC++ 17.1 (VS2022)

END.
